<?xml version="1.0" encoding="UTF-8"?>
<!-- Generated by org.testng.reporters.JUnitReportReporter -->
<testsuite hostname="anjalhussan" name="baseFram.BagVerification" tests="1" failures="0" timestamp="12 Jan 2015 00:40:13 GMT" time="52.748" errors="0">
  <testcase name="removeAllITemINBag" time="52.748" classname="baseFram.BagVerification"/>
</testsuite> <!-- baseFram.BagVerification -->
