<?xml version="1.0" encoding="UTF-8"?>
<!-- Generated by org.testng.reporters.JUnitReportReporter -->
<testsuite hostname="anjalhussan" name="baseFram.MTest" tests="2" failures="0" timestamp="20 Dec 2014 00:24:14 GMT" time="50.775" errors="0">
  <testcase name="signinclick" time="5.580" classname="baseFram.MTest"/>
  <testcase name="validsignIn" time="45.195" classname="baseFram.MTest"/>
</testsuite> <!-- baseFram.MTest -->
