<?xml version="1.0" encoding="UTF-8"?>
<!-- Generated by org.testng.reporters.JUnitReportReporter -->
<testsuite hostname="anjalhussan" name="baseFram.CheckoutNG" tests="1" failures="0" timestamp="11 Jan 2015 20:24:10 GMT" time="74.832" errors="0">
  <testcase name="checkoutNGTest" time="74.832" classname="baseFram.CheckoutNG"/>
</testsuite> <!-- baseFram.CheckoutNG -->
