<?xml version="1.0" encoding="UTF-8"?>
<!-- Generated by org.testng.reporters.JUnitReportReporter -->
<testsuite hostname="anjalhussan" name="baseFram.MyDataDrivenTest" tests="3" failures="0" timestamp="22 Feb 2015 16:51:18 GMT" time="37.262" errors="0">
  <testcase name="validsignIn" time="11.927" classname="baseFram.MyDataDrivenTest"/>
  <testcase name="validsignIn" time="12.304" classname="baseFram.MyDataDrivenTest"/>
  <testcase name="validsignIn" time="13.031" classname="baseFram.MyDataDrivenTest"/>
</testsuite> <!-- baseFram.MyDataDrivenTest -->
