<?xml version="1.0" encoding="UTF-8"?>
<!-- Generated by org.testng.reporters.JUnitReportReporter -->
<testsuite hostname="anjalhussan" name="baseFram.MyAberCrombieTest" tests="3" failures="0" timestamp="22 Dec 2014 19:10:55 GMT" time="120.721" errors="0">
  <testcase name="validsignIn" time="26.359" classname="baseFram.MyAberCrombieTest"/>
  <testcase name="validsignIn" time="46.968" classname="baseFram.MyAberCrombieTest"/>
  <testcase name="validsignIn" time="47.394" classname="baseFram.MyAberCrombieTest"/>
</testsuite> <!-- baseFram.MyAberCrombieTest -->
