<?xml version="1.0" encoding="UTF-8"?>
<!-- Generated by org.testng.reporters.JUnitReportReporter -->
<testsuite hostname="anjalhussan" name="baseFram.ShoppingTest" tests="1" failures="0" timestamp="11 Jan 2015 02:25:44 GMT" time="31.767" errors="0">
  <testcase name="CheckoutTotalVerifiy" time="31.767" classname="baseFram.ShoppingTest"/>
</testsuite> <!-- baseFram.ShoppingTest -->
